<?xml version="1.0" encoding="UTF-8"?>
<!-- Generated by org.testng.reporters.JUnitReportReporter -->
<testsuite hostname="LAPTOP-9H2ESQ8I" failures="0" tests="4" name="com.testRunner.CucumberRunner" time="7.225" errors="0" timestamp="2023-06-24T13:53:53 EDT" skipped="0">
  <testcase classname="com.testRunner.CucumberRunner" name="runScenario" time="3.608"/>
  <testcase classname="com.testRunner.CucumberRunner" name="runScenario" time="1.780"/>
  <testcase classname="com.testRunner.CucumberRunner" name="test1" time="0.007"/>
  <testcase classname="com.testRunner.CucumberRunner" name="runScenario" time="1.830"/>
</testsuite> <!-- com.testRunner.CucumberRunner -->
