<?xml version="1.0" encoding="UTF-8"?>
<!-- Generated by org.testng.reporters.JUnitReportReporter -->
<testsuite hostname="LAPTOP-9H2ESQ8I" failures="0" tests="4" name="com.testRunner.CucumberRunner" time="4.825" errors="0" timestamp="2023-06-29T18:56:59 EDT" skipped="0">
  <testcase classname="com.testRunner.CucumberRunner" name="runScenario" time="1.171"/>
  <testcase classname="com.testRunner.CucumberRunner" name="runScenario" time="2.410"/>
  <testcase classname="com.testRunner.CucumberRunner" name="test1" time="0.003"/>
  <testcase classname="com.testRunner.CucumberRunner" name="runScenario" time="1.241"/>
</testsuite> <!-- com.testRunner.CucumberRunner -->
