<?xml version="1.0" encoding="UTF-8"?>
<!-- Generated by org.testng.reporters.JUnitReportReporter -->
<testsuite hostname="LAPTOP-9H2ESQ8I" failures="0" tests="4" name="com.testRunner.CucumberRunner" time="9.322" errors="0" timestamp="2023-07-01T12:47:20 EDT" skipped="0">
  <testcase classname="com.testRunner.CucumberRunner" name="runScenario" time="2.046"/>
  <system-out/>
  <testcase classname="com.testRunner.CucumberRunner" name="runScenario" time="2.014"/>
  <system-out/>
  <testcase classname="com.testRunner.CucumberRunner" name="test1" time="0.003"/>
  <system-out/>
  <testcase classname="com.testRunner.CucumberRunner" name="runScenario" time="5.259"/>
  <system-out/>
</testsuite> <!-- com.testRunner.CucumberRunner -->
