<?xml version="1.0" encoding="UTF-8"?>
<!-- Generated by org.testng.reporters.JUnitReportReporter -->
<testsuite hostname="LAPTOP-9H2ESQ8I" failures="0" tests="4" name="com.testRunner.CucumberRunner" time="4.863" errors="0" timestamp="2023-06-24T14:22:23 EDT" skipped="0">
  <testcase classname="com.testRunner.CucumberRunner" name="runScenario" time="2.185"/>
  <system-out/>
  <testcase classname="com.testRunner.CucumberRunner" name="runScenario" time="1.190"/>
  <system-out/>
  <testcase classname="com.testRunner.CucumberRunner" name="runScenario" time="1.487"/>
  <system-out/>
  <testcase classname="com.testRunner.CucumberRunner" name="test1" time="0.001"/>
  <system-out/>
</testsuite> <!-- com.testRunner.CucumberRunner -->
